<?xml version="1.0" encoding="UTF-8"?>
<!-- Generated by org.testng.reporters.JUnitXMLReporter -->
<testsuite ignored="0" hostname="WWLT611-WSHAIK" failures="1" tests="3" name="Surefire test" time="8.167" errors="0" timestamp="2021-07-12T15:25:12 IST">
  <testcase classname="allureReports.Tests" name="logoPresence" time="0.104"/>
  <testcase classname="allureReports.Tests" name="loginTest" time="2.434">
    <failure type="java.lang.AssertionError" message="expected [Shaik Wasim] but found [Shaik Wasim Akram]">
      <![CDATA[java.lang.AssertionError: expected [Shaik Wasim] but found [Shaik Wasim Akram]
at allureReports.Tests.loginTest(Tests.java:64)
at java.base/java.util.ArrayList.forEach(ArrayList.java:1511)
... Removed 38 stack frames]]>
    </failure>
  </testcase> <!-- loginTest -->
  <testcase classname="allureReports.Tests" name="registrationTest" time="0.002">
    <skipped/>
  </testcase> <!-- registrationTest -->
</testsuite> <!-- Surefire test -->
